0 verbose cli C:\Program Files\nodejs\node.exe C:\Users\Med chlif\AppData\Roaming\npm\node_modules\npm\bin\npm-cli.js
1 info using npm@8.13.1
2 info using node@v14.17.0
3 timing npm:load:whichnode Completed in 1ms
4 timing config:load:defaults Completed in 3ms
5 timing config:load:file:C:\Users\Med chlif\AppData\Roaming\npm\node_modules\npm\npmrc Completed in 13ms
6 timing config:load:builtin Completed in 13ms
7 timing config:load:cli Completed in 2ms
8 timing config:load:env Completed in 2ms
9 timing config:load:file:C:\Users\Med chlif\Documents\react\mastering-react-mosh\react-app\.npmrc Completed in 2ms
10 timing config:load:project Completed in 8ms
11 timing config:load:file:C:\Users\Med chlif\.npmrc Completed in 0ms
12 timing config:load:user Completed in 0ms
13 timing config:load:file:C:\Users\Med chlif\AppData\Roaming\npm\etc\npmrc Completed in 1ms
14 timing config:load:global Completed in 2ms
15 timing config:load:validate Completed in 1ms
16 timing config:load:credentials Completed in 1ms
17 timing config:load:setEnvs Completed in 1ms
18 timing config:load Completed in 35ms
19 timing npm:load:configload Completed in 35ms
20 timing npm:load:mkdirpcache Completed in 1ms
21 timing npm:load:mkdirplogs Completed in 1ms
22 verbose title npm start
23 verbose argv "start"
24 timing npm:load:setTitle Completed in 2ms
25 timing config:load:flatten Completed in 9ms
26 timing npm:load:display Completed in 11ms
27 verbose logfile logs-max:10 dir:C:\Users\Med chlif\Documents\react\mastering-react-mosh\react-app\yournewpathnpm-cache\_logs
28 verbose logfile C:\Users\Med chlif\Documents\react\mastering-react-mosh\react-app\yournewpathnpm-cache\_logs\2022-06-26T19_33_04_814Z-debug-0.log
29 timing npm:load:logFile Completed in 13ms
30 timing npm:load:timers Completed in 0ms
31 timing npm:load:configScope Completed in 0ms
32 timing npm:load Completed in 66ms
33 silly logfile done cleaning log files
